<?xml version="1.0" encoding="UTF-8"?>
<!-- Generated by org.testng.reporters.JUnitXMLReporter -->
<testsuite ignored="4" hostname="DESKTOP-HACC8E7" failures="0" tests="5" name="Test" time="0.088" errors="0" timestamp="2021-06-22T15:16:05 IST">
  <testcase classname="TestNgLearning.GroupTest" name="testCase1" time="0.01"/>
  <testcase classname="TestNgLearning.GroupTest" name="testCase3" time="0.003"/>
  <testcase classname="TestNgLearning.GroupTest" name="testCase5" time="0.003"/>
  <testcase classname="TestNgLearning.GroupTest" name="testCase7" time="0.002"/>
  <testcase classname="TestNgLearning.GroupTest" name="testCase9" time="0.001"/>
  <testcase classname="TestNgLearning.GroupTest" name="testCase6" time="0.0">
    <ignored/>
  </testcase> <!-- testCase6 -->
  <testcase classname="TestNgLearning.GroupTest" name="testCase8" time="0.0">
    <ignored/>
  </testcase> <!-- testCase8 -->
  <testcase classname="TestNgLearning.GroupTest" name="testCase2" time="0.0">
    <ignored/>
  </testcase> <!-- testCase2 -->
  <testcase classname="TestNgLearning.GroupTest" name="testCase4" time="0.0">
    <ignored/>
  </testcase> <!-- testCase4 -->
</testsuite> <!-- Test -->
