<?xml version="1.0" encoding="UTF-8"?>
<!-- Generated by org.testng.reporters.JUnitXMLReporter -->
<testsuite ignored="2" hostname="DESKTOP-HACC8E7" failures="0" tests="1" name="Test Google" time="24.883" errors="0" timestamp="2022-12-14T23:18:11 IST">
  <testcase classname="com.test.testng.IntegrationWithTestNG" name="TestGoogle" time="19.974"/>
  <testcase classname="com.test.testng.IntegrationWithTestNG" name="TestFaceBook" time="0.0">
    <ignored/>
  </testcase> <!-- TestFaceBook -->
  <testcase classname="com.test.testng.IntegrationWithTestNG" name="OrangeHRM" time="0.0">
    <ignored/>
  </testcase> <!-- OrangeHRM -->
</testsuite> <!-- Test Google -->
