<?xml version="1.0" encoding="UTF-8"?>
<!-- Generated by org.testng.reporters.JUnitXMLReporter -->
<testsuite ignored="2" hostname="DESKTOP-HACC8E7" failures="1" tests="1" name="Test FaceBook" time="19.07" errors="0" timestamp="2022-12-14T23:18:30 IST">
  <testcase classname="com.test.testng.IntegrationWithTestNG" name="TestFaceBook" time="13.645">
    <failure type="java.lang.AssertionError" message="The following asserts failed:
	Title is Missmatced expected [Log in to Facebook] but found [Facebook – log in or sign up],
	Username is Missmatced expected [wel] but found []">
      <![CDATA[java.lang.AssertionError: The following asserts failed:
Title is Missmatced expected [Log in to Facebook] but found [Facebook – log in or sign up],
Username is Missmatced expected [wel] but found []
at com.test.testng.IntegrationWithTestNG.TestFaceBook(IntegrationWithTestNG.java:68)
at java.base/java.util.ArrayList.forEach(ArrayList.java:1511)
... Removed 29 stack frames]]>
    </failure>
  </testcase> <!-- TestFaceBook -->
  <testcase classname="com.test.testng.IntegrationWithTestNG" name="OrangeHRM" time="0.0">
    <ignored/>
  </testcase> <!-- OrangeHRM -->
  <testcase classname="com.test.testng.IntegrationWithTestNG" name="TestGoogle" time="0.0">
    <ignored/>
  </testcase> <!-- TestGoogle -->
</testsuite> <!-- Test FaceBook -->
