<?xml version="1.0" encoding="UTF-8"?>
<!-- Generated by org.testng.reporters.JUnitXMLReporter -->
<testsuite ignored="2" hostname="DESKTOP-HACC8E7" failures="1" tests="2" name="Test1" time="1.014" errors="0" timestamp="2022-12-06T11:27:19 IST">
  <testcase classname="com.test.listeners.Listener" name="Test3" time="1.006">
    <failure type="org.testng.internal.thread.ThreadTimeoutException" message="Method com.test.listeners.Listener.Test3() didn&amp;apos;t finish within the time-out 1000">
      <![CDATA[org.testng.internal.thread.ThreadTimeoutException: Method com.test.listeners.Listener.Test3() didn't finish within the time-out 1000
at java.base/java.util.ArrayList.forEach(ArrayList.java:1511)
... Removed 24 stack frames]]>
    </failure>
  </testcase> <!-- Test3 -->
  <testcase classname="com.test.listeners.Listener" name="Test4" time="0.0">
    <skipped/>
  </testcase> <!-- Test4 -->
  <testcase classname="com.test.listeners.Listener" name="Test2" time="0.0">
    <ignored/>
  </testcase> <!-- Test2 -->
  <testcase classname="com.test.listeners.Listener" name="Test1" time="0.0">
    <ignored/>
  </testcase> <!-- Test1 -->
</testsuite> <!-- Test1 -->
