<?xml version="1.0" encoding="UTF-8"?>
<!-- Generated by org.testng.reporters.JUnitXMLReporter -->
<testsuite ignored="2" hostname="DESKTOP-HACC8E7" failures="0" tests="1" name="Test" time="75.427" errors="0" timestamp="2022-12-06T21:53:05 IST">
  <testcase classname="com.test.screenshots.TestScreenShots" name="TestGoogle" time="60.069"/>
  <testcase classname="com.test.screenshots.TestScreenShots" name="TestFaceBook" time="0.0">
    <ignored/>
  </testcase> <!-- TestFaceBook -->
  <testcase classname="com.test.screenshots.TestScreenShots" name="OrangeHRM" time="0.0">
    <ignored/>
  </testcase> <!-- OrangeHRM -->
</testsuite> <!-- Test -->
