<?xml version="1.0" encoding="UTF-8"?>
<!-- Generated by org.testng.reporters.JUnitXMLReporter -->
<testsuite ignored="2" hostname="DESKTOP-HACC8E7" failures="1" tests="1" name="Test2" time="13.576" errors="0" timestamp="2022-12-06T21:53:18 IST">
  <testcase classname="com.test.screenshots.TestScreenShots" name="TestFaceBook" time="10.526">
    <failure type="java.lang.AssertionError" message="The following asserts failed:
	Username is Missmatced expected [wel] but found []">
      <![CDATA[java.lang.AssertionError: The following asserts failed:
Username is Missmatced expected [wel] but found []
at com.test.screenshots.TestScreenShots.TestFaceBook(TestScreenShots.java:66)
at java.base/java.util.ArrayList.forEach(ArrayList.java:1511)
... Removed 29 stack frames]]>
    </failure>
  </testcase> <!-- TestFaceBook -->
  <testcase classname="com.test.screenshots.TestScreenShots" name="TestGoogle" time="0.0">
    <ignored/>
  </testcase> <!-- TestGoogle -->
  <testcase classname="com.test.screenshots.TestScreenShots" name="OrangeHRM" time="0.0">
    <ignored/>
  </testcase> <!-- OrangeHRM -->
</testsuite> <!-- Test2 -->
