<?xml version="1.0" encoding="UTF-8"?>
<!-- Generated by org.testng.reporters.JUnitXMLReporter -->
<testsuite ignored="2" hostname="DESKTOP-HACC8E7" failures="0" tests="1" name="Test Google" time="33.242" errors="0" timestamp="2022-12-15T20:21:46 IST">
  <testcase classname="com.test.extentreport.ExtentReportIntegration" name="TestGoogle" time="9.99"/>
  <testcase classname="com.test.extentreport.ExtentReportIntegration" name="OrangeHRM" time="0.0">
    <ignored/>
  </testcase> <!-- OrangeHRM -->
  <testcase classname="com.test.extentreport.ExtentReportIntegration" name="TestFaceBook" time="0.0">
    <ignored/>
  </testcase> <!-- TestFaceBook -->
</testsuite> <!-- Test Google -->
