<?xml version="1.0" encoding="UTF-8"?>
<testng-results ignored="0" total="1" passed="1" failed="0" skipped="0">
  <reporter-output>
  </reporter-output>
  <suite started-at="2021-06-23T11:51:03 IST" name="Default suite" finished-at="2021-06-23T11:51:09 IST" duration-ms="5847">
    <groups>
    </groups>
    <test started-at="2021-06-23T11:51:03 IST" name="Default test" finished-at="2021-06-23T11:51:09 IST" duration-ms="5847">
      <class name="TestNgLearning.TestCase2">
        <test-method is-config="true" signature="Initialization()[pri:0, instance:TestNgLearning.TestCase2@659a969b]" started-at="2021-06-23T11:51:03 IST" name="Initialization" finished-at="2021-06-23T11:51:08 IST" duration-ms="5038" status="PASS">
          <reporter-output>
          </reporter-output>
        </test-method> <!-- Initialization -->
        <test-method signature="VerifyLoginPage()[pri:0, instance:TestNgLearning.TestCase2@659a969b]" started-at="2021-06-23T11:51:08 IST" name="VerifyLoginPage" finished-at="2021-06-23T11:51:08 IST" duration-ms="18" status="PASS">
          <reporter-output>
          </reporter-output>
        </test-method> <!-- VerifyLoginPage -->
        <test-method is-config="true" signature="stop()[pri:0, instance:TestNgLearning.TestCase2@659a969b]" started-at="2021-06-23T11:51:08 IST" name="stop" finished-at="2021-06-23T11:51:09 IST" duration-ms="752" status="PASS">
          <reporter-output>
          </reporter-output>
        </test-method> <!-- stop -->
      </class> <!-- TestNgLearning.TestCase2 -->
    </test> <!-- Default test -->
  </suite> <!-- Default suite -->
</testng-results>
